;  LST file generated by mikroListExporter - v.2.0 
; Date/Time: 2015.02.13. 21:57:52
;----------------------------------------------

;Address Opcode 	ASM
0x0000	0x2957      	GOTO       343
_Delay_50us:
;__Lib_Delays.c,19 :: 		void Delay_50us() {
;__Lib_Delays.c,20 :: 		Delay_us(50);
0x0003	0x3021      	MOVLW      33
0x0004	0x1283      	BCF        STATUS, 5
0x0005	0x1303      	BCF        STATUS, 6
0x0006	0x00FD      	MOVWF      R13
L_Delay_50us2:
0x0007	0x0BFD      	DECFSZ     R13, 1
0x0008	0x2807      	GOTO       L_Delay_50us2
;__Lib_Delays.c,21 :: 		}
L_end_Delay_50us:
0x0009	0x0008      	RETURN
; end of _Delay_50us
_Delay_1us:
;__Lib_Delays.c,7 :: 		void Delay_1us() {
;__Lib_Delays.c,8 :: 		Delay_us(1);
0x000A	0x0000      	NOP
0x000B	0x0000      	NOP
;__Lib_Delays.c,9 :: 		}
L_end_Delay_1us:
0x000C	0x0008      	RETURN
; end of _Delay_1us
_Delay_5500us:
;__Lib_Delays.c,31 :: 		void Delay_5500us() {
;__Lib_Delays.c,32 :: 		Delay_us(5500);
0x000D	0x300F      	MOVLW      15
0x000E	0x1283      	BCF        STATUS, 5
0x000F	0x1303      	BCF        STATUS, 6
0x0010	0x00FC      	MOVWF      R12
0x0011	0x3047      	MOVLW      71
0x0012	0x00FD      	MOVWF      R13
L_Delay_5500us5:
0x0013	0x0BFD      	DECFSZ     R13, 1
0x0014	0x2813      	GOTO       L_Delay_5500us5
0x0015	0x0BFC      	DECFSZ     R12, 1
0x0016	0x2813      	GOTO       L_Delay_5500us5
0x0017	0x0000      	NOP
0x0018	0x0000      	NOP
;__Lib_Delays.c,33 :: 		}
L_end_Delay_5500us:
0x0019	0x0008      	RETURN
; end of _Delay_5500us
_Lcd_Cmd:
;__Lib_Lcd.c,18 :: 		
;__Lib_Lcd.c,20 :: 		
0x001A	0x1283      	BCF        STATUS, 5
0x001B	0x1303      	BCF        STATUS, 6
0x001C	0x1BE4      	BTFSC      FARG_Lcd_Cmd_out_char, 7
0x001D	0x2820      	GOTO       L__Lcd_Cmd21
0x001E	0x1186      	BCF        LCD_D7, BitPos(LCD_D7+0)
0x001F	0x2821      	GOTO       L__Lcd_Cmd22
L__Lcd_Cmd21:
0x0020	0x1586      	BSF        LCD_D7, BitPos(LCD_D7+0)
L__Lcd_Cmd22:
;__Lib_Lcd.c,21 :: 		
0x0021	0x1B64      	BTFSC      FARG_Lcd_Cmd_out_char, 6
0x0022	0x2825      	GOTO       L__Lcd_Cmd23
0x0023	0x1106      	BCF        LCD_D6, BitPos(LCD_D6+0)
0x0024	0x2826      	GOTO       L__Lcd_Cmd24
L__Lcd_Cmd23:
0x0025	0x1506      	BSF        LCD_D6, BitPos(LCD_D6+0)
L__Lcd_Cmd24:
;__Lib_Lcd.c,22 :: 		
0x0026	0x1AE4      	BTFSC      FARG_Lcd_Cmd_out_char, 5
0x0027	0x282A      	GOTO       L__Lcd_Cmd25
0x0028	0x1086      	BCF        LCD_D5, BitPos(LCD_D5+0)
0x0029	0x282B      	GOTO       L__Lcd_Cmd26
L__Lcd_Cmd25:
0x002A	0x1486      	BSF        LCD_D5, BitPos(LCD_D5+0)
L__Lcd_Cmd26:
;__Lib_Lcd.c,23 :: 		
0x002B	0x1A64      	BTFSC      FARG_Lcd_Cmd_out_char, 4
0x002C	0x282F      	GOTO       L__Lcd_Cmd27
0x002D	0x1006      	BCF        LCD_D4, BitPos(LCD_D4+0)
0x002E	0x2830      	GOTO       L__Lcd_Cmd28
L__Lcd_Cmd27:
0x002F	0x1406      	BSF        LCD_D4, BitPos(LCD_D4+0)
L__Lcd_Cmd28:
;__Lib_Lcd.c,25 :: 		
0x0030	0x183A      	BTFSC      __Lib_Lcd_cmd_status, BitPos(__Lib_Lcd_cmd_status+0)
0x0031	0x2834      	GOTO       L__Lcd_Cmd29
0x0032	0x1606      	BSF        LCD_RS, BitPos(LCD_RS+0)
0x0033	0x2835      	GOTO       L__Lcd_Cmd30
L__Lcd_Cmd29:
0x0034	0x1206      	BCF        LCD_RS, BitPos(LCD_RS+0)
L__Lcd_Cmd30:
;__Lib_Lcd.c,28 :: 		
0x0035	0x1686      	BSF        LCD_EN, BitPos(LCD_EN+0)
;__Lib_Lcd.c,29 :: 		
0x0036	0x200A      	CALL       _Delay_1us
;__Lib_Lcd.c,30 :: 		
0x0037	0x1286      	BCF        LCD_EN, BitPos(LCD_EN+0)
;__Lib_Lcd.c,33 :: 		
0x0038	0x19E4      	BTFSC      FARG_Lcd_Cmd_out_char, 3
0x0039	0x283C      	GOTO       L__Lcd_Cmd31
0x003A	0x1186      	BCF        LCD_D7, BitPos(LCD_D7+0)
0x003B	0x283D      	GOTO       L__Lcd_Cmd32
L__Lcd_Cmd31:
0x003C	0x1586      	BSF        LCD_D7, BitPos(LCD_D7+0)
L__Lcd_Cmd32:
;__Lib_Lcd.c,34 :: 		
0x003D	0x1964      	BTFSC      FARG_Lcd_Cmd_out_char, 2
0x003E	0x2841      	GOTO       L__Lcd_Cmd33
0x003F	0x1106      	BCF        LCD_D6, BitPos(LCD_D6+0)
0x0040	0x2842      	GOTO       L__Lcd_Cmd34
L__Lcd_Cmd33:
0x0041	0x1506      	BSF        LCD_D6, BitPos(LCD_D6+0)
L__Lcd_Cmd34:
;__Lib_Lcd.c,35 :: 		
0x0042	0x18E4      	BTFSC      FARG_Lcd_Cmd_out_char, 1
0x0043	0x2846      	GOTO       L__Lcd_Cmd35
0x0044	0x1086      	BCF        LCD_D5, BitPos(LCD_D5+0)
0x0045	0x2847      	GOTO       L__Lcd_Cmd36
L__Lcd_Cmd35:
0x0046	0x1486      	BSF        LCD_D5, BitPos(LCD_D5+0)
L__Lcd_Cmd36:
;__Lib_Lcd.c,36 :: 		
0x0047	0x1864      	BTFSC      FARG_Lcd_Cmd_out_char, 0
0x0048	0x284B      	GOTO       L__Lcd_Cmd37
0x0049	0x1006      	BCF        LCD_D4, BitPos(LCD_D4+0)
0x004A	0x284C      	GOTO       L__Lcd_Cmd38
L__Lcd_Cmd37:
0x004B	0x1406      	BSF        LCD_D4, BitPos(LCD_D4+0)
L__Lcd_Cmd38:
;__Lib_Lcd.c,38 :: 		
0x004C	0x183A      	BTFSC      __Lib_Lcd_cmd_status, BitPos(__Lib_Lcd_cmd_status+0)
0x004D	0x2850      	GOTO       L__Lcd_Cmd39
0x004E	0x1606      	BSF        LCD_RS, BitPos(LCD_RS+0)
0x004F	0x2851      	GOTO       L__Lcd_Cmd40
L__Lcd_Cmd39:
0x0050	0x1206      	BCF        LCD_RS, BitPos(LCD_RS+0)
L__Lcd_Cmd40:
;__Lib_Lcd.c,40 :: 		
0x0051	0x1686      	BSF        LCD_EN, BitPos(LCD_EN+0)
;__Lib_Lcd.c,41 :: 		
0x0052	0x200A      	CALL       _Delay_1us
;__Lib_Lcd.c,42 :: 		
0x0053	0x1286      	BCF        LCD_EN, BitPos(LCD_EN+0)
;__Lib_Lcd.c,44 :: 		
0x0054	0x1C3A      	BTFSS      __Lib_Lcd_cmd_status, BitPos(__Lib_Lcd_cmd_status+0)
0x0055	0x2858      	GOTO       L_Lcd_Cmd0
;__Lib_Lcd.c,45 :: 		
0x0056	0x200D      	CALL       _Delay_5500us
0x0057	0x2859      	GOTO       L_Lcd_Cmd1
L_Lcd_Cmd0:
;__Lib_Lcd.c,47 :: 		
0x0058	0x2003      	CALL       _Delay_50us
L_Lcd_Cmd1:
;__Lib_Lcd.c,48 :: 		
L_end_Lcd_Cmd:
0x0059	0x0008      	RETURN
; end of _Lcd_Cmd
_____DoICP:
;__Lib_System.c,6 :: 		
;__Lib_System.c,9 :: 		
0x005A	0x1283      	BCF        STATUS, 5
0x005B	0x1303      	BCF        STATUS, 6
0x005C	0x083C      	MOVF       ___DoICPAddr+1, 0
0x005D	0x008A      	MOVWF      PCLATH
;__Lib_System.c,10 :: 		
0x005E	0x083B      	MOVF       ___DoICPAddr, 0
0x005F	0x0082      	MOVWF      PCL
;__Lib_System.c,12 :: 		
L_end_____DoICP:
0x0060	0x0008      	RETURN
; end of _____DoICP
_Lcd_Chr_CP:
;__Lib_Lcd.c,50 :: 		
;__Lib_Lcd.c,52 :: 		
0x0061	0x1283      	BCF        STATUS, 5
0x0062	0x1303      	BCF        STATUS, 6
0x0063	0x103A      	BCF        __Lib_Lcd_cmd_status, BitPos(__Lib_Lcd_cmd_status+0)
;__Lib_Lcd.c,53 :: 		
0x0064	0x0863      	MOVF       FARG_Lcd_Chr_CP_out_char, 0
0x0065	0x00E4      	MOVWF      FARG_Lcd_Cmd_out_char
0x0066	0x201A      	CALL       _Lcd_Cmd
;__Lib_Lcd.c,54 :: 		
0x0067	0x143A      	BSF        __Lib_Lcd_cmd_status, BitPos(__Lib_Lcd_cmd_status+0)
;__Lib_Lcd.c,55 :: 		
L_end_Lcd_Chr_CP:
0x0068	0x0008      	RETURN
; end of _Lcd_Chr_CP
_Lcd_Init:
;__Lib_Lcd.c,84 :: 		
;__Lib_Lcd.c,86 :: 		
0x0069	0x1683      	BSF        STATUS, 5
0x006A	0x1303      	BCF        STATUS, 6
0x006B	0x1286      	BCF        LCD_EN_Direction, BitPos(LCD_EN_Direction+0)
;__Lib_Lcd.c,87 :: 		
0x006C	0x1206      	BCF        LCD_RS_Direction, BitPos(LCD_RS_Direction+0)
;__Lib_Lcd.c,88 :: 		
0x006D	0x1006      	BCF        LCD_D4_Direction, BitPos(LCD_D4_Direction+0)
;__Lib_Lcd.c,89 :: 		
0x006E	0x1086      	BCF        LCD_D5_Direction, BitPos(LCD_D5_Direction+0)
;__Lib_Lcd.c,90 :: 		
0x006F	0x1106      	BCF        LCD_D6_Direction, BitPos(LCD_D6_Direction+0)
;__Lib_Lcd.c,91 :: 		
0x0070	0x1186      	BCF        LCD_D7_Direction, BitPos(LCD_D7_Direction+0)
;__Lib_Lcd.c,93 :: 		
0x0071	0x1283      	BCF        STATUS, 5
0x0072	0x1286      	BCF        LCD_EN, BitPos(LCD_EN+0)
;__Lib_Lcd.c,94 :: 		
0x0073	0x1206      	BCF        LCD_RS, BitPos(LCD_RS+0)
;__Lib_Lcd.c,95 :: 		
0x0074	0x1186      	BCF        LCD_D7, BitPos(LCD_D7+0)
;__Lib_Lcd.c,96 :: 		
0x0075	0x1106      	BCF        LCD_D6, BitPos(LCD_D6+0)
;__Lib_Lcd.c,97 :: 		
0x0076	0x1086      	BCF        LCD_D5, BitPos(LCD_D5+0)
;__Lib_Lcd.c,98 :: 		
0x0077	0x1006      	BCF        LCD_D4, BitPos(LCD_D4+0)
;__Lib_Lcd.c,100 :: 		
0x0078	0x200D      	CALL       _Delay_5500us
;__Lib_Lcd.c,101 :: 		
0x0079	0x200D      	CALL       _Delay_5500us
;__Lib_Lcd.c,102 :: 		
0x007A	0x200D      	CALL       _Delay_5500us
;__Lib_Lcd.c,105 :: 		
0x007B	0x1486      	BSF        LCD_D5, BitPos(LCD_D5+0)
;__Lib_Lcd.c,106 :: 		
0x007C	0x1406      	BSF        LCD_D4, BitPos(LCD_D4+0)
;__Lib_Lcd.c,107 :: 		
0x007D	0x1686      	BSF        LCD_EN, BitPos(LCD_EN+0)
;__Lib_Lcd.c,108 :: 		
0x007E	0x200A      	CALL       _Delay_1us
;__Lib_Lcd.c,109 :: 		
0x007F	0x1286      	BCF        LCD_EN, BitPos(LCD_EN+0)
;__Lib_Lcd.c,110 :: 		
0x0080	0x200D      	CALL       _Delay_5500us
;__Lib_Lcd.c,112 :: 		
0x0081	0x1686      	BSF        LCD_EN, BitPos(LCD_EN+0)
;__Lib_Lcd.c,113 :: 		
0x0082	0x200A      	CALL       _Delay_1us
;__Lib_Lcd.c,114 :: 		
0x0083	0x1286      	BCF        LCD_EN, BitPos(LCD_EN+0)
;__Lib_Lcd.c,115 :: 		
0x0084	0x200D      	CALL       _Delay_5500us
;__Lib_Lcd.c,117 :: 		
0x0085	0x1686      	BSF        LCD_EN, BitPos(LCD_EN+0)
;__Lib_Lcd.c,118 :: 		
0x0086	0x200A      	CALL       _Delay_1us
;__Lib_Lcd.c,119 :: 		
0x0087	0x1286      	BCF        LCD_EN, BitPos(LCD_EN+0)
;__Lib_Lcd.c,120 :: 		
0x0088	0x200D      	CALL       _Delay_5500us
;__Lib_Lcd.c,123 :: 		
0x0089	0x1006      	BCF        LCD_D4, BitPos(LCD_D4+0)
;__Lib_Lcd.c,124 :: 		
0x008A	0x1686      	BSF        LCD_EN, BitPos(LCD_EN+0)
;__Lib_Lcd.c,125 :: 		
0x008B	0x200A      	CALL       _Delay_1us
;__Lib_Lcd.c,126 :: 		
0x008C	0x1286      	BCF        LCD_EN, BitPos(LCD_EN+0)
;__Lib_Lcd.c,127 :: 		
0x008D	0x200D      	CALL       _Delay_5500us
;__Lib_Lcd.c,130 :: 		
0x008E	0x1686      	BSF        LCD_EN, BitPos(LCD_EN+0)
;__Lib_Lcd.c,131 :: 		
0x008F	0x200A      	CALL       _Delay_1us
;__Lib_Lcd.c,132 :: 		
0x0090	0x1286      	BCF        LCD_EN, BitPos(LCD_EN+0)
;__Lib_Lcd.c,134 :: 		
0x0091	0x1086      	BCF        LCD_D5, BitPos(LCD_D5+0)
;__Lib_Lcd.c,135 :: 		
0x0092	0x1586      	BSF        LCD_D7, BitPos(LCD_D7+0)
;__Lib_Lcd.c,136 :: 		
0x0093	0x1686      	BSF        LCD_EN, BitPos(LCD_EN+0)
;__Lib_Lcd.c,137 :: 		
0x0094	0x200A      	CALL       _Delay_1us
;__Lib_Lcd.c,138 :: 		
0x0095	0x1286      	BCF        LCD_EN, BitPos(LCD_EN+0)
;__Lib_Lcd.c,139 :: 		
0x0096	0x200D      	CALL       _Delay_5500us
;__Lib_Lcd.c,142 :: 		
0x0097	0x1186      	BCF        LCD_D7, BitPos(LCD_D7+0)
;__Lib_Lcd.c,143 :: 		
0x0098	0x1406      	BSF        LCD_D4, BitPos(LCD_D4+0)
;__Lib_Lcd.c,144 :: 		
0x0099	0x1686      	BSF        LCD_EN, BitPos(LCD_EN+0)
;__Lib_Lcd.c,145 :: 		
0x009A	0x200A      	CALL       _Delay_1us
;__Lib_Lcd.c,146 :: 		
0x009B	0x1286      	BCF        LCD_EN, BitPos(LCD_EN+0)
;__Lib_Lcd.c,148 :: 		
0x009C	0x1006      	BCF        LCD_D4, BitPos(LCD_D4+0)
;__Lib_Lcd.c,149 :: 		
0x009D	0x1686      	BSF        LCD_EN, BitPos(LCD_EN+0)
;__Lib_Lcd.c,150 :: 		
0x009E	0x200A      	CALL       _Delay_1us
;__Lib_Lcd.c,151 :: 		
0x009F	0x1286      	BCF        LCD_EN, BitPos(LCD_EN+0)
;__Lib_Lcd.c,152 :: 		
0x00A0	0x200D      	CALL       _Delay_5500us
;__Lib_Lcd.c,155 :: 		
0x00A1	0x1686      	BSF        LCD_EN, BitPos(LCD_EN+0)
;__Lib_Lcd.c,156 :: 		
0x00A2	0x200A      	CALL       _Delay_1us
;__Lib_Lcd.c,157 :: 		
0x00A3	0x1286      	BCF        LCD_EN, BitPos(LCD_EN+0)
;__Lib_Lcd.c,159 :: 		
0x00A4	0x1406      	BSF        LCD_D4, BitPos(LCD_D4+0)
;__Lib_Lcd.c,160 :: 		
0x00A5	0x1686      	BSF        LCD_EN, BitPos(LCD_EN+0)
;__Lib_Lcd.c,161 :: 		
0x00A6	0x200A      	CALL       _Delay_1us
;__Lib_Lcd.c,162 :: 		
0x00A7	0x1286      	BCF        LCD_EN, BitPos(LCD_EN+0)
;__Lib_Lcd.c,163 :: 		
0x00A8	0x200D      	CALL       _Delay_5500us
;__Lib_Lcd.c,166 :: 		
0x00A9	0x1006      	BCF        LCD_D4, BitPos(LCD_D4+0)
;__Lib_Lcd.c,167 :: 		
0x00AA	0x1686      	BSF        LCD_EN, BitPos(LCD_EN+0)
;__Lib_Lcd.c,168 :: 		
0x00AB	0x200A      	CALL       _Delay_1us
;__Lib_Lcd.c,169 :: 		
0x00AC	0x1286      	BCF        LCD_EN, BitPos(LCD_EN+0)
;__Lib_Lcd.c,171 :: 		
0x00AD	0x1586      	BSF        LCD_D7, BitPos(LCD_D7+0)
;__Lib_Lcd.c,172 :: 		
0x00AE	0x1506      	BSF        LCD_D6, BitPos(LCD_D6+0)
;__Lib_Lcd.c,173 :: 		
0x00AF	0x1486      	BSF        LCD_D5, BitPos(LCD_D5+0)
;__Lib_Lcd.c,174 :: 		
0x00B0	0x1406      	BSF        LCD_D4, BitPos(LCD_D4+0)
;__Lib_Lcd.c,175 :: 		
0x00B1	0x1686      	BSF        LCD_EN, BitPos(LCD_EN+0)
;__Lib_Lcd.c,176 :: 		
0x00B2	0x200A      	CALL       _Delay_1us
;__Lib_Lcd.c,177 :: 		
0x00B3	0x1286      	BCF        LCD_EN, BitPos(LCD_EN+0)
;__Lib_Lcd.c,179 :: 		
0x00B4	0x200D      	CALL       _Delay_5500us
;__Lib_Lcd.c,181 :: 		
0x00B5	0x143A      	BSF        __Lib_Lcd_cmd_status, BitPos(__Lib_Lcd_cmd_status+0)
;__Lib_Lcd.c,182 :: 		
L_end_Lcd_Init:
0x00B6	0x0008      	RETURN
; end of _Lcd_Init
_Lcd_Out:
;__Lib_Lcd.c,184 :: 		
;__Lib_Lcd.c,187 :: 		
0x00B7	0x28C9      	GOTO       L_Lcd_Out11
;__Lib_Lcd.c,188 :: 		
L_Lcd_Out13:
0x00B8	0x3080      	MOVLW      128
0x00B9	0x1283      	BCF        STATUS, 5
0x00BA	0x1303      	BCF        STATUS, 6
0x00BB	0x00DF      	MOVWF      FARG_Lcd_Out_row
0x00BC	0x28DC      	GOTO       L_Lcd_Out12
;__Lib_Lcd.c,189 :: 		
L_Lcd_Out14:
0x00BD	0x30C0      	MOVLW      192
0x00BE	0x00DF      	MOVWF      FARG_Lcd_Out_row
0x00BF	0x28DC      	GOTO       L_Lcd_Out12
;__Lib_Lcd.c,190 :: 		
L_Lcd_Out15:
0x00C0	0x3094      	MOVLW      148
0x00C1	0x00DF      	MOVWF      FARG_Lcd_Out_row
0x00C2	0x28DC      	GOTO       L_Lcd_Out12
;__Lib_Lcd.c,191 :: 		
L_Lcd_Out16:
0x00C3	0x30D4      	MOVLW      212
0x00C4	0x00DF      	MOVWF      FARG_Lcd_Out_row
0x00C5	0x28DC      	GOTO       L_Lcd_Out12
;__Lib_Lcd.c,192 :: 		
L_Lcd_Out17:
0x00C6	0x3080      	MOVLW      128
0x00C7	0x00DF      	MOVWF      FARG_Lcd_Out_row
;__Lib_Lcd.c,193 :: 		
0x00C8	0x28DC      	GOTO       L_Lcd_Out12
L_Lcd_Out11:
0x00C9	0x1283      	BCF        STATUS, 5
0x00CA	0x1303      	BCF        STATUS, 6
0x00CB	0x085F      	MOVF       FARG_Lcd_Out_row, 0
0x00CC	0x3A01      	XORLW      1
0x00CD	0x1903      	BTFSC      STATUS, 2
0x00CE	0x28B8      	GOTO       L_Lcd_Out13
0x00CF	0x085F      	MOVF       FARG_Lcd_Out_row, 0
0x00D0	0x3A02      	XORLW      2
0x00D1	0x1903      	BTFSC      STATUS, 2
0x00D2	0x28BD      	GOTO       L_Lcd_Out14
0x00D3	0x085F      	MOVF       FARG_Lcd_Out_row, 0
0x00D4	0x3A03      	XORLW      3
0x00D5	0x1903      	BTFSC      STATUS, 2
0x00D6	0x28C0      	GOTO       L_Lcd_Out15
0x00D7	0x085F      	MOVF       FARG_Lcd_Out_row, 0
0x00D8	0x3A04      	XORLW      4
0x00D9	0x1903      	BTFSC      STATUS, 2
0x00DA	0x28C3      	GOTO       L_Lcd_Out16
0x00DB	0x28C6      	GOTO       L_Lcd_Out17
L_Lcd_Out12:
;__Lib_Lcd.c,194 :: 		
0x00DC	0x0360      	DECF       FARG_Lcd_Out_column, 0
0x00DD	0x00F0      	MOVWF      R0
0x00DE	0x085F      	MOVF       FARG_Lcd_Out_row, 0
0x00DF	0x07F0      	ADDWF      R0, 1
0x00E0	0x0870      	MOVF       R0, 0
0x00E1	0x00DF      	MOVWF      FARG_Lcd_Out_row
;__Lib_Lcd.c,196 :: 		
0x00E2	0x0870      	MOVF       R0, 0
0x00E3	0x00E4      	MOVWF      FARG_Lcd_Cmd_out_char
0x00E4	0x201A      	CALL       _Lcd_Cmd
;__Lib_Lcd.c,197 :: 		
0x00E5	0x103A      	BCF        __Lib_Lcd_cmd_status, BitPos(__Lib_Lcd_cmd_status+0)
;__Lib_Lcd.c,198 :: 		
0x00E6	0x01E2      	CLRF       Lcd_Out_i_L0
;__Lib_Lcd.c,199 :: 		
L_Lcd_Out18:
0x00E7	0x0862      	MOVF       Lcd_Out_i_L0, 0
0x00E8	0x0761      	ADDWF      FARG_Lcd_Out_text, 0
0x00E9	0x0084      	MOVWF      FSR
0x00EA	0x0800      	MOVF       INDF, 0
0x00EB	0x1903      	BTFSC      STATUS, 2
0x00EC	0x28F5      	GOTO       L_Lcd_Out19
;__Lib_Lcd.c,200 :: 		
0x00ED	0x0862      	MOVF       Lcd_Out_i_L0, 0
0x00EE	0x0761      	ADDWF      FARG_Lcd_Out_text, 0
0x00EF	0x0084      	MOVWF      FSR
0x00F0	0x0800      	MOVF       INDF, 0
0x00F1	0x00E3      	MOVWF      FARG_Lcd_Chr_CP_out_char
0x00F2	0x2061      	CALL       _Lcd_Chr_CP
0x00F3	0x0AE2      	INCF       Lcd_Out_i_L0, 1
0x00F4	0x28E7      	GOTO       L_Lcd_Out18
L_Lcd_Out19:
;__Lib_Lcd.c,201 :: 		
0x00F5	0x143A      	BSF        __Lib_Lcd_cmd_status, BitPos(__Lib_Lcd_cmd_status+0)
;__Lib_Lcd.c,202 :: 		
L_end_Lcd_Out:
0x00F6	0x0008      	RETURN
; end of _Lcd_Out
_Lcd_Out_CP:
;__Lib_Lcd.c,57 :: 		
;__Lib_Lcd.c,58 :: 		
0x00F7	0x1283      	BCF        STATUS, 5
0x00F8	0x1303      	BCF        STATUS, 6
0x00F9	0x01E0      	CLRF       Lcd_Out_CP_i_L0
;__Lib_Lcd.c,60 :: 		
L_Lcd_Out_CP2:
0x00FA	0x0860      	MOVF       Lcd_Out_CP_i_L0, 0
0x00FB	0x075F      	ADDWF      FARG_Lcd_Out_CP_text, 0
0x00FC	0x0084      	MOVWF      FSR
0x00FD	0x0800      	MOVF       INDF, 0
0x00FE	0x1903      	BTFSC      STATUS, 2
0x00FF	0x2908      	GOTO       L_Lcd_Out_CP3
;__Lib_Lcd.c,61 :: 		
0x0100	0x0860      	MOVF       Lcd_Out_CP_i_L0, 0
0x0101	0x075F      	ADDWF      FARG_Lcd_Out_CP_text, 0
0x0102	0x0084      	MOVWF      FSR
0x0103	0x0800      	MOVF       INDF, 0
0x0104	0x00E3      	MOVWF      FARG_Lcd_Chr_CP_out_char
0x0105	0x2061      	CALL       _Lcd_Chr_CP
0x0106	0x0AE0      	INCF       Lcd_Out_CP_i_L0, 1
;__Lib_Lcd.c,62 :: 		
0x0107	0x28FA      	GOTO       L_Lcd_Out_CP2
L_Lcd_Out_CP3:
;__Lib_Lcd.c,63 :: 		
L_end_Lcd_Out_CP:
0x0108	0x0008      	RETURN
; end of _Lcd_Out_CP
_io_init:
;lcd2.c,53 :: 		void io_init (void)
;lcd2.c,55 :: 		OSCCON = 0x77;   // belsõ oszcillátor,  8MHZ
0x0109	0x3077      	MOVLW      119
0x010A	0x1683      	BSF        STATUS, 5
0x010B	0x1303      	BCF        STATUS, 6
0x010C	0x008F      	MOVWF      OSCCON
;lcd2.c,57 :: 		TRISA = 0xFF; // PORTA-n kapcsolók
0x010D	0x30FF      	MOVLW      255
0x010E	0x0085      	MOVWF      TRISA
;lcd2.c,58 :: 		ANSEL=0x03;    // PORTA alsó két lába analóg bemenet !!! (RA0 --> AN0   RA1 ---> AN1)
0x010F	0x3003      	MOVLW      3
0x0110	0x1703      	BSF        STATUS, 6
0x0111	0x0088      	MOVWF      ANSEL
;lcd2.c,59 :: 		ANSELH=0;      // PORTB digitális I/O
0x0112	0x0189      	CLRF       ANSELH
;lcd2.c,60 :: 		TRISB =0;
0x0113	0x0186      	CLRF       TRISB
;lcd2.c,61 :: 		Lcd_Init();
0x0114	0x2069      	CALL       _Lcd_Init
;lcd2.c,62 :: 		}
L_end_io_init:
0x0115	0x0008      	RETURN
; end of _io_init
_Lcd_Chr:
;__Lib_Lcd.c,65 :: 		
;__Lib_Lcd.c,66 :: 		
0x0116	0x2928      	GOTO       L_Lcd_Chr4
;__Lib_Lcd.c,67 :: 		
L_Lcd_Chr6:
0x0117	0x3080      	MOVLW      128
0x0118	0x1283      	BCF        STATUS, 5
0x0119	0x1303      	BCF        STATUS, 6
0x011A	0x00DF      	MOVWF      FARG_Lcd_Chr_row
0x011B	0x293B      	GOTO       L_Lcd_Chr5
;__Lib_Lcd.c,68 :: 		
L_Lcd_Chr7:
0x011C	0x30C0      	MOVLW      192
0x011D	0x00DF      	MOVWF      FARG_Lcd_Chr_row
0x011E	0x293B      	GOTO       L_Lcd_Chr5
;__Lib_Lcd.c,69 :: 		
L_Lcd_Chr8:
0x011F	0x3094      	MOVLW      148
0x0120	0x00DF      	MOVWF      FARG_Lcd_Chr_row
0x0121	0x293B      	GOTO       L_Lcd_Chr5
;__Lib_Lcd.c,70 :: 		
L_Lcd_Chr9:
0x0122	0x30D4      	MOVLW      212
0x0123	0x00DF      	MOVWF      FARG_Lcd_Chr_row
0x0124	0x293B      	GOTO       L_Lcd_Chr5
;__Lib_Lcd.c,71 :: 		
L_Lcd_Chr10:
0x0125	0x3080      	MOVLW      128
0x0126	0x00DF      	MOVWF      FARG_Lcd_Chr_row
;__Lib_Lcd.c,72 :: 		
0x0127	0x293B      	GOTO       L_Lcd_Chr5
L_Lcd_Chr4:
0x0128	0x1283      	BCF        STATUS, 5
0x0129	0x1303      	BCF        STATUS, 6
0x012A	0x085F      	MOVF       FARG_Lcd_Chr_row, 0
0x012B	0x3A01      	XORLW      1
0x012C	0x1903      	BTFSC      STATUS, 2
0x012D	0x2917      	GOTO       L_Lcd_Chr6
0x012E	0x085F      	MOVF       FARG_Lcd_Chr_row, 0
0x012F	0x3A02      	XORLW      2
0x0130	0x1903      	BTFSC      STATUS, 2
0x0131	0x291C      	GOTO       L_Lcd_Chr7
0x0132	0x085F      	MOVF       FARG_Lcd_Chr_row, 0
0x0133	0x3A03      	XORLW      3
0x0134	0x1903      	BTFSC      STATUS, 2
0x0135	0x291F      	GOTO       L_Lcd_Chr8
0x0136	0x085F      	MOVF       FARG_Lcd_Chr_row, 0
0x0137	0x3A04      	XORLW      4
0x0138	0x1903      	BTFSC      STATUS, 2
0x0139	0x2922      	GOTO       L_Lcd_Chr9
0x013A	0x2925      	GOTO       L_Lcd_Chr10
L_Lcd_Chr5:
;__Lib_Lcd.c,74 :: 		
0x013B	0x0360      	DECF       FARG_Lcd_Chr_column, 0
0x013C	0x00F0      	MOVWF      R0
0x013D	0x085F      	MOVF       FARG_Lcd_Chr_row, 0
0x013E	0x07F0      	ADDWF      R0, 1
0x013F	0x0870      	MOVF       R0, 0
0x0140	0x00DF      	MOVWF      FARG_Lcd_Chr_row
;__Lib_Lcd.c,76 :: 		
0x0141	0x143A      	BSF        __Lib_Lcd_cmd_status, BitPos(__Lib_Lcd_cmd_status+0)
;__Lib_Lcd.c,77 :: 		
0x0142	0x0870      	MOVF       R0, 0
0x0143	0x00E4      	MOVWF      FARG_Lcd_Cmd_out_char
0x0144	0x201A      	CALL       _Lcd_Cmd
;__Lib_Lcd.c,79 :: 		
0x0145	0x103A      	BCF        __Lib_Lcd_cmd_status, BitPos(__Lib_Lcd_cmd_status+0)
;__Lib_Lcd.c,80 :: 		
0x0146	0x0861      	MOVF       FARG_Lcd_Chr_out_char, 0
0x0147	0x00E4      	MOVWF      FARG_Lcd_Cmd_out_char
0x0148	0x201A      	CALL       _Lcd_Cmd
;__Lib_Lcd.c,81 :: 		
0x0149	0x143A      	BSF        __Lib_Lcd_cmd_status, BitPos(__Lib_Lcd_cmd_status+0)
;__Lib_Lcd.c,82 :: 		
L_end_Lcd_Chr:
0x014A	0x0008      	RETURN
; end of _Lcd_Chr
___CC2DW:
;__Lib_System.c,134 :: 		
;__Lib_System.c,137 :: 		
_CC2D_Loop1:
;__Lib_System.c,139 :: 		
0x014B	0x205A      	CALL       _____DoICP
0x014C	0x118A      	BCF        PCLATH, 3
0x014D	0x120A      	BCF        PCLATH, 4
;__Lib_System.c,141 :: 		
0x014E	0x0080      	MOVWF      INDF
;__Lib_System.c,142 :: 		
0x014F	0x0A84      	INCF       FSR, 1
;__Lib_System.c,143 :: 		
0x0150	0x0ABB      	INCF       ___DoICPAddr, 1
;__Lib_System.c,145 :: 		
0x0151	0x1903      	BTFSC      STATUS, 2
;__Lib_System.c,146 :: 		
0x0152	0x0ABC      	INCF       ___DoICPAddr+1, 1
;__Lib_System.c,147 :: 		
0x0153	0x03F0      	DECF       R0, 1
;__Lib_System.c,149 :: 		
0x0154	0x1D03      	BTFSS      STATUS, 2
;__Lib_System.c,150 :: 		
0x0155	0x294B      	GOTO       _CC2D_Loop1
;__Lib_System.c,152 :: 		
L_end___CC2DW:
0x0156	0x0008      	RETURN
; end of ___CC2DW
_main:
0x0157	0x3020      	MOVLW      32
0x0158	0x1283      	BCF        STATUS, 5
0x0159	0x1303      	BCF        STATUS, 6
0x015A	0x00A0      	MOVWF      ?lstr4_lcd2
0x015B	0x3020      	MOVLW      32
0x015C	0x00A1      	MOVWF      33
0x015D	0x3020      	MOVLW      32
0x015E	0x00A2      	MOVWF      34
0x015F	0x3020      	MOVLW      32
0x0160	0x00A3      	MOVWF      35
0x0161	0x3020      	MOVLW      32
0x0162	0x00A4      	MOVWF      36
0x0163	0x3020      	MOVLW      32
0x0164	0x00A5      	MOVWF      37
0x0165	0x3020      	MOVLW      32
0x0166	0x00A6      	MOVWF      38
0x0167	0x3020      	MOVLW      32
0x0168	0x00A7      	MOVWF      39
0x0169	0x3020      	MOVLW      32
0x016A	0x00A8      	MOVWF      40
0x016B	0x3020      	MOVLW      32
0x016C	0x00A9      	MOVWF      41
0x016D	0x01AA      	CLRF       42
0x016E	0x304B      	MOVLW      75
0x016F	0x00AB      	MOVWF      ?lstr3_lcd2
0x0170	0x30E1      	MOVLW      225
0x0171	0x00AC      	MOVWF      44
0x0172	0x306C      	MOVLW      108
0x0173	0x00AD      	MOVWF      45
0x0174	0x306D      	MOVLW      109
0x0175	0x00AE      	MOVWF      46
0x0176	0x30E1      	MOVLW      225
0x0177	0x00AF      	MOVWF      47
0x0178	0x306E      	MOVLW      110
0x0179	0x00B0      	MOVWF      48
0x017A	0x01B1      	CLRF       49
0x017B	0x3020      	MOVLW      32
0x017C	0x00B2      	MOVWF      ?lstr2_lcd2
0x017D	0x01B3      	CLRF       51
0x017E	0x304B      	MOVLW      75
0x017F	0x00B4      	MOVWF      ?lstr1_lcd2
0x0180	0x3061      	MOVLW      97
0x0181	0x00B5      	MOVWF      53
0x0182	0x306E      	MOVLW      110
0x0183	0x00B6      	MOVWF      54
0x0184	0x3064      	MOVLW      100
0x0185	0x00B7      	MOVWF      55
0x0186	0x30F3      	MOVLW      243
0x0187	0x00B8      	MOVWF      56
0x0188	0x01B9      	CLRF       57
;lcd2.c,65 :: 		void main() {
;lcd2.c,69 :: 		char kockalent[]={0,0,0,0,14,14,14,0};
0x0189	0x01BF      	CLRF       main_kockalent_L0
0x018A	0x01C0      	CLRF       main_kockalent_L0+1
0x018B	0x01C1      	CLRF       main_kockalent_L0+2
0x018C	0x01C2      	CLRF       main_kockalent_L0+3
0x018D	0x300E      	MOVLW      14
0x018E	0x00C3      	MOVWF      main_kockalent_L0+4
0x018F	0x300E      	MOVLW      14
0x0190	0x00C4      	MOVWF      main_kockalent_L0+5
0x0191	0x300E      	MOVLW      14
0x0192	0x00C5      	MOVWF      main_kockalent_L0+6
0x0193	0x01C6      	CLRF       main_kockalent_L0+7
0x0194	0x01C7      	CLRF       main_kockafent_L0
0x0195	0x300E      	MOVLW      14
0x0196	0x00C8      	MOVWF      main_kockafent_L0+1
0x0197	0x300E      	MOVLW      14
0x0198	0x00C9      	MOVWF      main_kockafent_L0+2
0x0199	0x300E      	MOVLW      14
0x019A	0x00CA      	MOVWF      main_kockafent_L0+3
0x019B	0x01CB      	CLRF       main_kockafent_L0+4
0x019C	0x01CC      	CLRF       main_kockafent_L0+5
0x019D	0x01CD      	CLRF       main_kockafent_L0+6
0x019E	0x01CE      	CLRF       main_kockafent_L0+7
0x019F	0x01CF      	CLRF       main_kockaures_L0
0x01A0	0x01D0      	CLRF       main_kockaures_L0+1
0x01A1	0x3004      	MOVLW      4
0x01A2	0x00D1      	MOVWF      main_kockaures_L0+2
0x01A3	0x300A      	MOVLW      10
0x01A4	0x00D2      	MOVWF      main_kockaures_L0+3
0x01A5	0x3011      	MOVLW      17
0x01A6	0x00D3      	MOVWF      main_kockaures_L0+4
0x01A7	0x300A      	MOVLW      10
0x01A8	0x00D4      	MOVWF      main_kockaures_L0+5
0x01A9	0x3004      	MOVLW      4
0x01AA	0x00D5      	MOVWF      main_kockaures_L0+6
0x01AB	0x01D6      	CLRF       main_kockaures_L0+7
0x01AC	0x01D7      	CLRF       main_parh_L0
0x01AD	0x300A      	MOVLW      10
0x01AE	0x00D8      	MOVWF      main_parh_L0+1
0x01AF	0x300A      	MOVLW      10
0x01B0	0x00D9      	MOVWF      main_parh_L0+2
0x01B1	0x300A      	MOVLW      10
0x01B2	0x00DA      	MOVWF      main_parh_L0+3
0x01B3	0x300A      	MOVLW      10
0x01B4	0x00DB      	MOVWF      main_parh_L0+4
0x01B5	0x300A      	MOVLW      10
0x01B6	0x00DC      	MOVWF      main_parh_L0+5
0x01B7	0x300A      	MOVLW      10
0x01B8	0x00DD      	MOVWF      main_parh_L0+6
0x01B9	0x01DE      	CLRF       main_parh_L0+7
;lcd2.c,75 :: 		szam=0;
0x01BA	0x01BD      	CLRF       main_szam_L0
;lcd2.c,76 :: 		io_init();
0x01BB	0x2109      	CALL       _io_init
;lcd2.c,77 :: 		Delay_ms(15);
0x01BC	0x3027      	MOVLW      39
0x01BD	0x00FC      	MOVWF      R12
0x01BE	0x30F5      	MOVLW      245
0x01BF	0x00FD      	MOVWF      R13
L_main0:
0x01C0	0x0BFD      	DECFSZ     R13, 1
0x01C1	0x29C0      	GOTO       L_main0
0x01C2	0x0BFC      	DECFSZ     R12, 1
0x01C3	0x29C0      	GOTO       L_main0
;lcd2.c,80 :: 		Lcd_Cmd(_LCD_TURN_ON);
0x01C4	0x300C      	MOVLW      12
0x01C5	0x00E4      	MOVWF      FARG_Lcd_Cmd_out_char
0x01C6	0x201A      	CALL       _Lcd_Cmd
;lcd2.c,81 :: 		Lcd_Cmd(_LCD_CURSOR_OFF);
0x01C7	0x300C      	MOVLW      12
0x01C8	0x00E4      	MOVWF      FARG_Lcd_Cmd_out_char
0x01C9	0x201A      	CALL       _Lcd_Cmd
;lcd2.c,82 :: 		Lcd_Cmd(0b00101100);     // funstion set:  4 bites mód, 2 sor, font 5x10
0x01CA	0x302C      	MOVLW      44
0x01CB	0x00E4      	MOVWF      FARG_Lcd_Cmd_out_char
0x01CC	0x201A      	CALL       _Lcd_Cmd
;lcd2.c,84 :: 		Lcd_Cmd(_LCD_CLEAR);
0x01CD	0x3001      	MOVLW      1
0x01CE	0x00E4      	MOVWF      FARG_Lcd_Cmd_out_char
0x01CF	0x201A      	CALL       _Lcd_Cmd
;lcd2.c,86 :: 		Lcd_Out(1,1,"Kandó");               //  szöveg kiírása  1. sor 1. pozíciótól
0x01D0	0x3001      	MOVLW      1
0x01D1	0x00DF      	MOVWF      FARG_Lcd_Out_row
0x01D2	0x3001      	MOVLW      1
0x01D3	0x00E0      	MOVWF      FARG_Lcd_Out_column
0x01D4	0x3034      	MOVLW      ?lstr1_lcd2
0x01D5	0x00E1      	MOVWF      FARG_Lcd_Out_text
0x01D6	0x20B7      	CALL       _Lcd_Out
;lcd2.c,87 :: 		Lcd_Out_Cp(" ");
0x01D7	0x3032      	MOVLW      ?lstr2_lcd2
0x01D8	0x00DF      	MOVWF      FARG_Lcd_Out_CP_text
0x01D9	0x20F7      	CALL       _Lcd_Out_CP
;lcd2.c,88 :: 		Lcd_Out_Cp("Kálmán");
0x01DA	0x302B      	MOVLW      ?lstr3_lcd2
0x01DB	0x00DF      	MOVWF      FARG_Lcd_Out_CP_text
0x01DC	0x20F7      	CALL       _Lcd_Out_CP
;lcd2.c,91 :: 		Lcd_Cmd(0b01000000);     // set CGRAM addres (0.)
0x01DD	0x3040      	MOVLW      64
0x01DE	0x00E4      	MOVWF      FARG_Lcd_Cmd_out_char
0x01DF	0x201A      	CALL       _Lcd_Cmd
;lcd2.c,92 :: 		for(i=0;i<8;i++) Lcd_Chr_CP(kockalent[i]);         // CGRAM-0.
0x01E0	0x01BE      	CLRF       main_i_L0
L_main1:
0x01E1	0x3008      	MOVLW      8
0x01E2	0x023E      	SUBWF      main_i_L0, 0
0x01E3	0x1803      	BTFSC      STATUS, 0
0x01E4	0x29ED      	GOTO       L_main2
0x01E5	0x083E      	MOVF       main_i_L0, 0
0x01E6	0x3E3F      	ADDLW      main_kockalent_L0
0x01E7	0x0084      	MOVWF      FSR
0x01E8	0x0800      	MOVF       INDF, 0
0x01E9	0x00E3      	MOVWF      FARG_Lcd_Chr_CP_out_char
0x01EA	0x2061      	CALL       _Lcd_Chr_CP
0x01EB	0x0ABE      	INCF       main_i_L0, 1
0x01EC	0x29E1      	GOTO       L_main1
L_main2:
;lcd2.c,93 :: 		for(i=0;i<8;i++) Lcd_Chr_CP(kockafent[i]);          // CGRAM-1.
0x01ED	0x01BE      	CLRF       main_i_L0
L_main4:
0x01EE	0x3008      	MOVLW      8
0x01EF	0x023E      	SUBWF      main_i_L0, 0
0x01F0	0x1803      	BTFSC      STATUS, 0
0x01F1	0x29FA      	GOTO       L_main5
0x01F2	0x083E      	MOVF       main_i_L0, 0
0x01F3	0x3E47      	ADDLW      main_kockafent_L0
0x01F4	0x0084      	MOVWF      FSR
0x01F5	0x0800      	MOVF       INDF, 0
0x01F6	0x00E3      	MOVWF      FARG_Lcd_Chr_CP_out_char
0x01F7	0x2061      	CALL       _Lcd_Chr_CP
0x01F8	0x0ABE      	INCF       main_i_L0, 1
0x01F9	0x29EE      	GOTO       L_main4
L_main5:
;lcd2.c,94 :: 		for(i=0;i<8;i++) Lcd_Chr_CP(kockaures[i]);           // CGRAM-2.
0x01FA	0x01BE      	CLRF       main_i_L0
L_main7:
0x01FB	0x3008      	MOVLW      8
0x01FC	0x023E      	SUBWF      main_i_L0, 0
0x01FD	0x1803      	BTFSC      STATUS, 0
0x01FE	0x2A07      	GOTO       L_main8
0x01FF	0x083E      	MOVF       main_i_L0, 0
0x0200	0x3E4F      	ADDLW      main_kockaures_L0
0x0201	0x0084      	MOVWF      FSR
0x0202	0x0800      	MOVF       INDF, 0
0x0203	0x00E3      	MOVWF      FARG_Lcd_Chr_CP_out_char
0x0204	0x2061      	CALL       _Lcd_Chr_CP
0x0205	0x0ABE      	INCF       main_i_L0, 1
0x0206	0x29FB      	GOTO       L_main7
L_main8:
;lcd2.c,95 :: 		for(i=0;i<8;i++) Lcd_Chr_CP(parh[i]);                  // CGRAM-3.
0x0207	0x01BE      	CLRF       main_i_L0
L_main10:
0x0208	0x3008      	MOVLW      8
0x0209	0x023E      	SUBWF      main_i_L0, 0
0x020A	0x1803      	BTFSC      STATUS, 0
0x020B	0x2A14      	GOTO       L_main11
0x020C	0x083E      	MOVF       main_i_L0, 0
0x020D	0x3E57      	ADDLW      main_parh_L0
0x020E	0x0084      	MOVWF      FSR
0x020F	0x0800      	MOVF       INDF, 0
0x0210	0x00E3      	MOVWF      FARG_Lcd_Chr_CP_out_char
0x0211	0x2061      	CALL       _Lcd_Chr_CP
0x0212	0x0ABE      	INCF       main_i_L0, 1
0x0213	0x2A08      	GOTO       L_main10
L_main11:
;lcd2.c,98 :: 		while(1){
L_main13:
;lcd2.c,100 :: 		Lcd_Chr(2,1,szam+48);        // egy karrakter kiírása  (a 0   ASCII kódja a 48 !!)
0x0214	0x3002      	MOVLW      2
0x0215	0x00DF      	MOVWF      FARG_Lcd_Chr_row
0x0216	0x3001      	MOVLW      1
0x0217	0x00E0      	MOVWF      FARG_Lcd_Chr_column
0x0218	0x3030      	MOVLW      48
0x0219	0x073D      	ADDWF      main_szam_L0, 0
0x021A	0x00E1      	MOVWF      FARG_Lcd_Chr_out_char
0x021B	0x2116      	CALL       _Lcd_Chr
;lcd2.c,101 :: 		for(i=0;i<szam;i++) Lcd_Chr_Cp(' ');               //  space
0x021C	0x01BE      	CLRF       main_i_L0
L_main15:
0x021D	0x083D      	MOVF       main_szam_L0, 0
0x021E	0x023E      	SUBWF      main_i_L0, 0
0x021F	0x1803      	BTFSC      STATUS, 0
0x0220	0x2A26      	GOTO       L_main16
0x0221	0x3020      	MOVLW      32
0x0222	0x00E3      	MOVWF      FARG_Lcd_Chr_CP_out_char
0x0223	0x2061      	CALL       _Lcd_Chr_CP
0x0224	0x0ABE      	INCF       main_i_L0, 1
0x0225	0x2A1D      	GOTO       L_main15
L_main16:
;lcd2.c,102 :: 		if(szam%2)
0x0226	0x1C3D      	BTFSS      main_szam_L0, 0
0x0227	0x2A2C      	GOTO       L_main18
;lcd2.c,103 :: 		Lcd_Chr_Cp(1);               //  kockafent
0x0228	0x3001      	MOVLW      1
0x0229	0x00E3      	MOVWF      FARG_Lcd_Chr_CP_out_char
0x022A	0x2061      	CALL       _Lcd_Chr_CP
0x022B	0x2A2E      	GOTO       L_main19
L_main18:
;lcd2.c,105 :: 		Lcd_Chr_Cp(0);               //  kockalent
0x022C	0x01E3      	CLRF       FARG_Lcd_Chr_CP_out_char
0x022D	0x2061      	CALL       _Lcd_Chr_CP
L_main19:
;lcd2.c,106 :: 		Lcd_Chr_Cp(' ');
0x022E	0x3020      	MOVLW      32
0x022F	0x00E3      	MOVWF      FARG_Lcd_Chr_CP_out_char
0x0230	0x2061      	CALL       _Lcd_Chr_CP
;lcd2.c,107 :: 		szam++;
0x0231	0x0ABD      	INCF       main_szam_L0, 1
;lcd2.c,108 :: 		if (szam==10) {
0x0232	0x083D      	MOVF       main_szam_L0, 0
0x0233	0x3A0A      	XORLW      10
0x0234	0x1D03      	BTFSS      STATUS, 2
0x0235	0x2A3E      	GOTO       L_main20
;lcd2.c,109 :: 		szam=0;
0x0236	0x01BD      	CLRF       main_szam_L0
;lcd2.c,110 :: 		Lcd_Out(2,2,"          ");
0x0237	0x3002      	MOVLW      2
0x0238	0x00DF      	MOVWF      FARG_Lcd_Out_row
0x0239	0x3002      	MOVLW      2
0x023A	0x00E0      	MOVWF      FARG_Lcd_Out_column
0x023B	0x3020      	MOVLW      ?lstr4_lcd2
0x023C	0x00E1      	MOVWF      FARG_Lcd_Out_text
0x023D	0x20B7      	CALL       _Lcd_Out
;lcd2.c,111 :: 		}
L_main20:
;lcd2.c,112 :: 		Delay_ms(1000);
0x023E	0x300B      	MOVLW      11
0x023F	0x00FB      	MOVWF      R11
0x0240	0x3026      	MOVLW      38
0x0241	0x00FC      	MOVWF      R12
0x0242	0x305D      	MOVLW      93
0x0243	0x00FD      	MOVWF      R13
L_main21:
0x0244	0x0BFD      	DECFSZ     R13, 1
0x0245	0x2A44      	GOTO       L_main21
0x0246	0x0BFC      	DECFSZ     R12, 1
0x0247	0x2A44      	GOTO       L_main21
0x0248	0x0BFB      	DECFSZ     R11, 1
0x0249	0x2A44      	GOTO       L_main21
0x024A	0x0000      	NOP
0x024B	0x0000      	NOP
;lcd2.c,113 :: 		}
0x024C	0x2A14      	GOTO       L_main13
;lcd2.c,115 :: 		}
L_end_main:
0x024D	0x2A4D      	GOTO       $+0
; end of _main
Symbol List:
//** Routines locations **
//ADDRESS    SIZE    PROCEDURE
//----------------------------------------------
0x0003       [7]    _Delay_50us
0x000A       [3]    _Delay_1us
0x000D      [13]    _Delay_5500us
0x001A      [64]    _Lcd_Cmd
0x005A       [7]    _____DoICP
0x0061       [8]    _Lcd_Chr_CP
0x0069      [78]    _Lcd_Init
0x00B7      [64]    _Lcd_Out
0x00F7      [18]    _Lcd_Out_CP
0x0109      [13]    _io_init
0x0116      [53]    _Lcd_Chr
0x014B      [12]    ___CC2DW
0x0157     [247]    _main
//** Variables locations ** 
//ADDRESS    SIZE    VARIABLE
//----------------------------------------------
0x0000       [1]    INDF
0x0002       [1]    PCL
0x0003       [1]    STATUS
0x0004       [1]    FSR
0x0006       [0]    RB1_bit
0x0006       [0]    RB0_bit
0x0006       [0]    RB3_bit
0x0006       [0]    RB4_bit
0x0006       [0]    RB5_bit
0x0006       [0]    LCD_D5
0x0006       [0]    LCD_D4
0x0006       [0]    LCD_EN
0x0006       [0]    RB2_bit
0x0006       [0]    LCD_D7
0x0006       [0]    LCD_D6
0x0006       [0]    LCD_RS
0x000A       [1]    PCLATH
0x0020      [11]    ?lstr4_lcd2
0x002B       [7]    ?lstr3_lcd2
0x0032       [2]    ?lstr2_lcd2
0x0034       [6]    ?lstr1_lcd2
0x003A       [0]    __Lib_Lcd_cmd_status
0x003B       [2]    ___DoICPAddr
0x003D       [1]    main_szam_L0
0x003E       [1]    main_i_L0
0x003F       [8]    main_kockalent_L0
0x0047       [8]    main_kockafent_L0
0x004F       [8]    main_kockaures_L0
0x0057       [8]    main_parh_L0
0x005F       [1]    FARG_Lcd_Out_CP_text
0x005F       [1]    FARG_Lcd_Chr_row
0x005F       [1]    FARG_Lcd_Out_row
0x0060       [1]    Lcd_Out_CP_i_L0
0x0060       [1]    FARG_Lcd_Chr_column
0x0060       [1]    FARG_Lcd_Out_column
0x0061       [1]    FARG_Lcd_Out_text
0x0061       [1]    FARG_Lcd_Chr_out_char
0x0062       [1]    Lcd_Out_i_L0
0x0063       [1]    FARG_Lcd_Chr_CP_out_char
0x0064       [1]    FARG_Lcd_Cmd_out_char
0x0070       [1]    R0
0x0071       [1]    R1
0x0072       [1]    R2
0x0073       [1]    R3
0x0074       [1]    R4
0x0075       [1]    R5
0x0076       [1]    R6
0x0077       [1]    R7
0x0078       [1]    R8
0x0079       [1]    R9
0x007A       [1]    R10
0x007B       [1]    R11
0x007C       [1]    R12
0x007D       [1]    R13
0x007E       [1]    R14
0x007F       [1]    R15
0x0085       [1]    TRISA
0x0086       [0]    TRISB5_bit
0x0086       [0]    LCD_D5_Direction
0x0086       [0]    TRISB4_bit
0x0086       [0]    TRISB1_bit
0x0086       [0]    TRISB0_bit
0x0086       [0]    TRISB3_bit
0x0086       [0]    TRISB2_bit
0x0086       [0]    LCD_D4_Direction
0x0086       [0]    LCD_D7_Direction
0x0086       [0]    LCD_RS_Direction
0x0086       [1]    TRISB
0x0086       [0]    LCD_D6_Direction
0x0086       [0]    LCD_EN_Direction
0x008F       [1]    OSCCON
0x0188       [1]    ANSEL
0x0189       [1]    ANSELH
//** Label List: ** 
//----------------------------------------------
  L_main0
  L_main1
  L_main2
  L_main3
  L_main4
  L_main5
  L_main6
  L_main7
  L_main8
  L_main9
  L_main10
  L_main11
  L_main12
  L_main13
  L_main14
  L_main15
  L_main16
  L_main17
  L_main18
  L_main19
  L_main20
  L_main21
  L_end_io_init
  _io_init
  L_end_main
  _main
  L_Delay_10us0
  L_Delay_22us1
  L_Delay_50us2
  L_Delay_80us3
  L_Delay_500us4
  L_Delay_5500us5
  L_Delay_1ms6
  L_Delay_5ms7
  L_Delay_8ms8
  L_Delay_10ms9
  L_Delay_100ms10
  L_Delay_1sec11
  L_boot16_Delay_5ms12
  L_Delay_Cyc13
  L_Delay_Cyc14
  L_VDelay_ms15
  L_VDelay_ms16
  L_VDelay_ms17
  L_VDelay_Advanced_ms18
  L_VDelay_Advanced_ms19
  L_VDelay_Advanced_ms20
  L_end_Get_Fosc_kHz
  _Get_Fosc_kHz
  L_end_Delay_1us
  _Delay_1us
  L_end_Delay_10us
  _Delay_10us
  L_end_Delay_22us
  _Delay_22us
  L_end_Delay_50us
  _Delay_50us
  L_end_Delay_80us
  _Delay_80us
  L_end_Delay_500us
  _Delay_500us
  L_end_Delay_5500us
  _Delay_5500us
  L_end_Delay_1ms
  _Delay_1ms
  L_end_Delay_5ms
  _Delay_5ms
  L_end_Delay_8ms
  _Delay_8ms
  L_end_Delay_10ms
  _Delay_10ms
  L_end_Delay_100ms
  _Delay_100ms
  L_end_Delay_1sec
  _Delay_1sec
  L_end_boot16_Delay_5ms
  _boot16_Delay_5ms
  L_end_Delay_Cyc
  _Delay_Cyc
  L_end_VDelay_ms
  _VDelay_ms
  L__VDelay_ms38
  L__VDelay_ms39
  L__VDelay_ms40
  L_end_VDelay_Advanced_ms
  _VDelay_Advanced_ms
  L__VDelay_Advanced_ms42
  L__VDelay_Advanced_ms43
  L__VDelay_Advanced_ms44
  L_Lcd_Cmd0
  L_Lcd_Cmd1
  L_Lcd_Out_CP2
  L_Lcd_Out_CP3
  L_Lcd_Chr4
  L_Lcd_Chr5
  L_Lcd_Chr6
  L_Lcd_Chr7
  L_Lcd_Chr8
  L_Lcd_Chr9
  L_Lcd_Chr10
  L_Lcd_Out11
  L_Lcd_Out12
  L_Lcd_Out13
  L_Lcd_Out14
  L_Lcd_Out15
  L_Lcd_Out16
  L_Lcd_Out17
  L_Lcd_Out18
  L_Lcd_Out19
  L_end_Lcd_Cmd
  _Lcd_Cmd
  L__Lcd_Cmd21
  L__Lcd_Cmd22
  L__Lcd_Cmd23
  L__Lcd_Cmd24
  L__Lcd_Cmd25
  L__Lcd_Cmd26
  L__Lcd_Cmd27
  L__Lcd_Cmd28
  L__Lcd_Cmd29
  L__Lcd_Cmd30
  L__Lcd_Cmd31
  L__Lcd_Cmd32
  L__Lcd_Cmd33
  L__Lcd_Cmd34
  L__Lcd_Cmd35
  L__Lcd_Cmd36
  L__Lcd_Cmd37
  L__Lcd_Cmd38
  L__Lcd_Cmd39
  L__Lcd_Cmd40
  L_end_Lcd_Chr_CP
  _Lcd_Chr_CP
  L_end_Lcd_Out_CP
  _Lcd_Out_CP
  L_end_Lcd_Chr
  _Lcd_Chr
  L_end_Lcd_Init
  _Lcd_Init
  L_end_Lcd_Out
  _Lcd_Out
  L_loopCA2AWs
  L_CA2AWend
  _CCA2AW_Loop1
  L_loopCS2Ss
  L_CS2Send
  _CCS2S_Loop1
  L_CCS2Send
  L_loopFZinSWs
  L_FZinSend
  _CC2D_Loop1
  L_end_____DoICP
  _____DoICP
  L_end_____DoIFC
  _____DoIFC
  L_end___CA2AW
  ___CA2AW
  L_end___CCA2AW
  ___CCA2AW
  L_end___CS2S
  ___CS2S
  L_end___CCS2S
  ___CCS2S
  L_end___FZinS
  ___FZinS
  L_end___CC2DW
  ___CC2DW
  L_end_Swap
  _Swap
